{"/home/xs522-vannar/Project/Frontend/app/src/Pages/AdminDashboard.jsx": {"path":"/home/xs522-vannar/Project/Frontend/app/src/Pages/AdminDashboard.jsx","statementMap":{"0":{"start":{"line":5,"column":23},"end":{"line":322,"column":1}},"1":{"start":{"line":6,"column":18},"end":{"line":6,"column":47}},"2":{"start":{"line":7,"column":30},"end":{"line":7,"column":42}},"3":{"start":{"line":8,"column":36},"end":{"line":8,"column":48}},"4":{"start":{"line":9,"column":51},"end":{"line":9,"column":66}},"5":{"start":{"line":10,"column":30},"end":{"line":10,"column":42}},"6":{"start":{"line":11,"column":34},"end":{"line":11,"column":46}},"7":{"start":{"line":12,"column":38},"end":{"line":12,"column":50}},"8":{"start":{"line":13,"column":34},"end":{"line":13,"column":46}},"9":{"start":{"line":14,"column":34},"end":{"line":14,"column":49}},"10":{"start":{"line":15,"column":30},"end":{"line":15,"column":42}},"11":{"start":{"line":16,"column":46},"end":{"line":16,"column":61}},"12":{"start":{"line":17,"column":40},"end":{"line":17,"column":50}},"13":{"start":{"line":20,"column":31},"end":{"line":22,"column":5}},"14":{"start":{"line":21,"column":8},"end":{"line":21,"column":31}},"15":{"start":{"line":24,"column":30},"end":{"line":31,"column":5}},"16":{"start":{"line":25,"column":8},"end":{"line":25,"column":32}},"17":{"start":{"line":26,"column":8},"end":{"line":26,"column":21}},"18":{"start":{"line":27,"column":8},"end":{"line":27,"column":23}},"19":{"start":{"line":28,"column":8},"end":{"line":28,"column":25}},"20":{"start":{"line":29,"column":8},"end":{"line":29,"column":23}},"21":{"start":{"line":30,"column":8},"end":{"line":30,"column":20}},"22":{"start":{"line":33,"column":29},"end":{"line":36,"column":5}},"23":{"start":{"line":34,"column":8},"end":{"line":34,"column":25}},"24":{"start":{"line":35,"column":8},"end":{"line":35,"column":33}},"25":{"start":{"line":37,"column":29},"end":{"line":45,"column":5}},"26":{"start":{"line":38,"column":8},"end":{"line":38,"column":34}},"27":{"start":{"line":43,"column":8},"end":{"line":43,"column":20}},"28":{"start":{"line":46,"column":4},"end":{"line":49,"column":11}},"29":{"start":{"line":47,"column":8},"end":{"line":47,"column":21}},"30":{"start":{"line":48,"column":8},"end":{"line":48,"column":24}},"31":{"start":{"line":51,"column":42},"end":{"line":57,"column":6}},"32":{"start":{"line":59,"column":25},"end":{"line":65,"column":5}},"33":{"start":{"line":60,"column":32},"end":{"line":60,"column":40}},"34":{"start":{"line":61,"column":8},"end":{"line":64,"column":11}},"35":{"start":{"line":67,"column":25},"end":{"line":102,"column":5}},"36":{"start":{"line":68,"column":8},"end":{"line":68,"column":27}},"37":{"start":{"line":69,"column":8},"end":{"line":101,"column":9}},"38":{"start":{"line":78,"column":29},"end":{"line":86,"column":13}},"39":{"start":{"line":87,"column":12},"end":{"line":87,"column":40}},"40":{"start":{"line":92,"column":12},"end":{"line":92,"column":33}},"41":{"start":{"line":94,"column":12},"end":{"line":94,"column":53}},"42":{"start":{"line":95,"column":12},"end":{"line":95,"column":31}},"43":{"start":{"line":96,"column":12},"end":{"line":96,"column":24}},"44":{"start":{"line":98,"column":12},"end":{"line":98,"column":52}},"45":{"start":{"line":99,"column":12},"end":{"line":99,"column":75}},"46":{"start":{"line":103,"column":23},"end":{"line":119,"column":5}},"47":{"start":{"line":104,"column":8},"end":{"line":118,"column":9}},"48":{"start":{"line":105,"column":29},"end":{"line":112,"column":13}},"49":{"start":{"line":113,"column":12},"end":{"line":113,"column":66}},"50":{"start":{"line":117,"column":12},"end":{"line":117,"column":56}},"51":{"start":{"line":121,"column":26},"end":{"line":136,"column":5}},"52":{"start":{"line":122,"column":8},"end":{"line":135,"column":9}},"53":{"start":{"line":123,"column":29},"end":{"line":130,"column":13}},"54":{"start":{"line":132,"column":12},"end":{"line":132,"column":75}},"55":{"start":{"line":134,"column":12},"end":{"line":134,"column":59}},"56":{"start":{"line":137,"column":23},"end":{"line":151,"column":5}},"57":{"start":{"line":138,"column":8},"end":{"line":150,"column":9}},"58":{"start":{"line":139,"column":12},"end":{"line":144,"column":15}},"59":{"start":{"line":145,"column":12},"end":{"line":145,"column":55}},"60":{"start":{"line":146,"column":12},"end":{"line":146,"column":25}},"61":{"start":{"line":148,"column":12},"end":{"line":148,"column":77}},"62":{"start":{"line":149,"column":12},"end":{"line":149,"column":55}},"63":{"start":{"line":153,"column":27},"end":{"line":168,"column":5}},"64":{"start":{"line":154,"column":8},"end":{"line":167,"column":9}},"65":{"start":{"line":155,"column":12},"end":{"line":160,"column":15}},"66":{"start":{"line":161,"column":12},"end":{"line":161,"column":42}},"67":{"start":{"line":162,"column":12},"end":{"line":162,"column":28}},"68":{"start":{"line":163,"column":12},"end":{"line":163,"column":25}},"69":{"start":{"line":165,"column":12},"end":{"line":165,"column":52}},"70":{"start":{"line":166,"column":12},"end":{"line":166,"column":83}},"71":{"start":{"line":170,"column":26},"end":{"line":183,"column":5}},"72":{"start":{"line":171,"column":8},"end":{"line":182,"column":9}},"73":{"start":{"line":172,"column":12},"end":{"line":177,"column":15}},"74":{"start":{"line":178,"column":12},"end":{"line":178,"column":50}},"75":{"start":{"line":179,"column":12},"end":{"line":179,"column":28}},"76":{"start":{"line":181,"column":12},"end":{"line":181,"column":83}},"77":{"start":{"line":184,"column":29},"end":{"line":213,"column":5}},"78":{"start":{"line":185,"column":8},"end":{"line":185,"column":27}},"79":{"start":{"line":186,"column":8},"end":{"line":186,"column":25}},"80":{"start":{"line":187,"column":8},"end":{"line":187,"column":21}},"81":{"start":{"line":189,"column":8},"end":{"line":212,"column":9}},"82":{"start":{"line":190,"column":29},"end":{"line":198,"column":14}},"83":{"start":{"line":200,"column":25},"end":{"line":200,"column":46}},"84":{"start":{"line":201,"column":12},"end":{"line":201,"column":85}},"85":{"start":{"line":201,"column":30},"end":{"line":201,"column":85}},"86":{"start":{"line":204,"column":12},"end":{"line":204,"column":55}},"87":{"start":{"line":205,"column":12},"end":{"line":205,"column":31}},"88":{"start":{"line":206,"column":12},"end":{"line":206,"column":24}},"89":{"start":{"line":208,"column":12},"end":{"line":208,"column":55}},"90":{"start":{"line":209,"column":12},"end":{"line":209,"column":34}},"91":{"start":{"line":211,"column":12},"end":{"line":211,"column":30}},"92":{"start":{"line":215,"column":4},"end":{"line":321,"column":6}},"93":{"start":{"line":248,"column":20},"end":{"line":252,"column":25}},"94":{"start":{"line":250,"column":47},"end":{"line":250,"column":73}},"95":{"start":{"line":251,"column":47},"end":{"line":251,"column":72}},"96":{"start":{"line":269,"column":49},"end":{"line":269,"column":73}},"97":{"start":{"line":276,"column":49},"end":{"line":276,"column":75}},"98":{"start":{"line":283,"column":49},"end":{"line":283,"column":77}},"99":{"start":{"line":290,"column":49},"end":{"line":290,"column":75}},"100":{"start":{"line":302,"column":20},"end":{"line":311,"column":25}},"101":{"start":{"line":309,"column":47},"end":{"line":309,"column":74}},"102":{"start":{"line":310,"column":47},"end":{"line":310,"column":68}}},"fnMap":{"0":{"name":"(anonymous_0)","decl":{"start":{"line":5,"column":23},"end":{"line":5,"column":24}},"loc":{"start":{"line":5,"column":29},"end":{"line":322,"column":1}},"line":5},"1":{"name":"(anonymous_1)","decl":{"start":{"line":20,"column":31},"end":{"line":20,"column":32}},"loc":{"start":{"line":20,"column":37},"end":{"line":22,"column":5}},"line":20},"2":{"name":"(anonymous_2)","decl":{"start":{"line":24,"column":30},"end":{"line":24,"column":31}},"loc":{"start":{"line":24,"column":36},"end":{"line":31,"column":5}},"line":24},"3":{"name":"(anonymous_3)","decl":{"start":{"line":33,"column":29},"end":{"line":33,"column":30}},"loc":{"start":{"line":33,"column":37},"end":{"line":36,"column":5}},"line":33},"4":{"name":"(anonymous_4)","decl":{"start":{"line":37,"column":29},"end":{"line":37,"column":30}},"loc":{"start":{"line":37,"column":35},"end":{"line":45,"column":5}},"line":37},"5":{"name":"(anonymous_5)","decl":{"start":{"line":46,"column":14},"end":{"line":46,"column":15}},"loc":{"start":{"line":46,"column":20},"end":{"line":49,"column":5}},"line":46},"6":{"name":"(anonymous_6)","decl":{"start":{"line":59,"column":25},"end":{"line":59,"column":26}},"loc":{"start":{"line":59,"column":32},"end":{"line":65,"column":5}},"line":59},"7":{"name":"(anonymous_7)","decl":{"start":{"line":67,"column":25},"end":{"line":67,"column":26}},"loc":{"start":{"line":67,"column":38},"end":{"line":102,"column":5}},"line":67},"8":{"name":"(anonymous_8)","decl":{"start":{"line":103,"column":23},"end":{"line":103,"column":24}},"loc":{"start":{"line":103,"column":35},"end":{"line":119,"column":5}},"line":103},"9":{"name":"(anonymous_9)","decl":{"start":{"line":121,"column":26},"end":{"line":121,"column":27}},"loc":{"start":{"line":121,"column":38},"end":{"line":136,"column":5}},"line":121},"10":{"name":"(anonymous_10)","decl":{"start":{"line":137,"column":23},"end":{"line":137,"column":24}},"loc":{"start":{"line":137,"column":37},"end":{"line":151,"column":5}},"line":137},"11":{"name":"(anonymous_11)","decl":{"start":{"line":153,"column":27},"end":{"line":153,"column":28}},"loc":{"start":{"line":153,"column":41},"end":{"line":168,"column":5}},"line":153},"12":{"name":"(anonymous_12)","decl":{"start":{"line":170,"column":26},"end":{"line":170,"column":27}},"loc":{"start":{"line":170,"column":40},"end":{"line":183,"column":5}},"line":170},"13":{"name":"(anonymous_13)","decl":{"start":{"line":184,"column":29},"end":{"line":184,"column":30}},"loc":{"start":{"line":184,"column":42},"end":{"line":213,"column":5}},"line":184},"14":{"name":"(anonymous_14)","decl":{"start":{"line":247,"column":30},"end":{"line":247,"column":31}},"loc":{"start":{"line":248,"column":20},"end":{"line":252,"column":25}},"line":248},"15":{"name":"(anonymous_15)","decl":{"start":{"line":250,"column":41},"end":{"line":250,"column":42}},"loc":{"start":{"line":250,"column":47},"end":{"line":250,"column":73}},"line":250},"16":{"name":"(anonymous_16)","decl":{"start":{"line":251,"column":41},"end":{"line":251,"column":42}},"loc":{"start":{"line":251,"column":47},"end":{"line":251,"column":72}},"line":251},"17":{"name":"(anonymous_17)","decl":{"start":{"line":269,"column":42},"end":{"line":269,"column":43}},"loc":{"start":{"line":269,"column":49},"end":{"line":269,"column":73}},"line":269},"18":{"name":"(anonymous_18)","decl":{"start":{"line":276,"column":42},"end":{"line":276,"column":43}},"loc":{"start":{"line":276,"column":49},"end":{"line":276,"column":75}},"line":276},"19":{"name":"(anonymous_19)","decl":{"start":{"line":283,"column":42},"end":{"line":283,"column":43}},"loc":{"start":{"line":283,"column":49},"end":{"line":283,"column":77}},"line":283},"20":{"name":"(anonymous_20)","decl":{"start":{"line":290,"column":42},"end":{"line":290,"column":43}},"loc":{"start":{"line":290,"column":49},"end":{"line":290,"column":75}},"line":290},"21":{"name":"(anonymous_21)","decl":{"start":{"line":301,"column":27},"end":{"line":301,"column":28}},"loc":{"start":{"line":302,"column":20},"end":{"line":311,"column":25}},"line":302},"22":{"name":"(anonymous_22)","decl":{"start":{"line":309,"column":41},"end":{"line":309,"column":42}},"loc":{"start":{"line":309,"column":47},"end":{"line":309,"column":74}},"line":309},"23":{"name":"(anonymous_23)","decl":{"start":{"line":310,"column":41},"end":{"line":310,"column":42}},"loc":{"start":{"line":310,"column":47},"end":{"line":310,"column":68}},"line":310}},"branchMap":{"0":{"loc":{"start":{"line":63,"column":20},"end":{"line":63,"column":62}},"type":"cond-expr","locations":[{"start":{"line":63,"column":41},"end":{"line":63,"column":54}},{"start":{"line":63,"column":57},"end":{"line":63,"column":62}}],"line":63},"1":{"loc":{"start":{"line":113,"column":12},"end":{"line":113,"column":65}},"type":"binary-expr","locations":[{"start":{"line":113,"column":12},"end":{"line":113,"column":32}},{"start":{"line":113,"column":36},"end":{"line":113,"column":65}}],"line":113},"2":{"loc":{"start":{"line":132,"column":12},"end":{"line":132,"column":74}},"type":"binary-expr","locations":[{"start":{"line":132,"column":12},"end":{"line":132,"column":35}},{"start":{"line":132,"column":39},"end":{"line":132,"column":74}}],"line":132},"3":{"loc":{"start":{"line":201,"column":12},"end":{"line":201,"column":85}},"type":"if","locations":[{"start":{"line":201,"column":12},"end":{"line":201,"column":85}},{"start":{},"end":{}}],"line":201},"4":{"loc":{"start":{"line":201,"column":46},"end":{"line":201,"column":83}},"type":"binary-expr","locations":[{"start":{"line":201,"column":46},"end":{"line":201,"column":56}},{"start":{"line":201,"column":60},"end":{"line":201,"column":83}}],"line":201},"5":{"loc":{"start":{"line":218,"column":13},"end":{"line":234,"column":13}},"type":"binary-expr","locations":[{"start":{"line":218,"column":13},"end":{"line":218,"column":26}},{"start":{"line":219,"column":16},"end":{"line":233,"column":22}}],"line":218},"6":{"loc":{"start":{"line":222,"column":25},"end":{"line":222,"column":66}},"type":"binary-expr","locations":[{"start":{"line":222,"column":25},"end":{"line":222,"column":30}},{"start":{"line":222,"column":34},"end":{"line":222,"column":66}}],"line":222},"7":{"loc":{"start":{"line":259,"column":13},"end":{"line":298,"column":13}},"type":"binary-expr","locations":[{"start":{"line":259,"column":13},"end":{"line":259,"column":29}},{"start":{"line":260,"column":16},"end":{"line":297,"column":22}}],"line":259},"8":{"loc":{"start":{"line":263,"column":25},"end":{"line":263,"column":66}},"type":"binary-expr","locations":[{"start":{"line":263,"column":25},"end":{"line":263,"column":30}},{"start":{"line":263,"column":34},"end":{"line":263,"column":66}}],"line":263},"9":{"loc":{"start":{"line":293,"column":70},"end":{"line":293,"column":104}},"type":"cond-expr","locations":[{"start":{"line":293,"column":80},"end":{"line":293,"column":93}},{"start":{"line":293,"column":96},"end":{"line":293,"column":104}}],"line":293}},"s":{"0":1,"1":4,"2":4,"3":4,"4":4,"5":4,"6":4,"7":4,"8":4,"9":4,"10":4,"11":4,"12":4,"13":4,"14":0,"15":4,"16":0,"17":0,"18":0,"19":0,"20":0,"21":0,"22":4,"23":0,"24":0,"25":4,"26":0,"27":0,"28":4,"29":3,"30":3,"31":4,"32":4,"33":0,"34":0,"35":4,"36":0,"37":0,"38":0,"39":0,"40":0,"41":0,"42":0,"43":0,"44":0,"45":0,"46":4,"47":3,"48":3,"49":3,"50":0,"51":4,"52":3,"53":3,"54":3,"55":0,"56":4,"57":0,"58":0,"59":0,"60":0,"61":0,"62":0,"63":4,"64":0,"65":0,"66":0,"67":0,"68":0,"69":0,"70":0,"71":4,"72":0,"73":0,"74":0,"75":0,"76":0,"77":4,"78":0,"79":0,"80":0,"81":0,"82":0,"83":0,"84":0,"85":0,"86":0,"87":0,"88":0,"89":0,"90":0,"91":0,"92":4,"93":0,"94":0,"95":0,"96":0,"97":0,"98":0,"99":0,"100":1,"101":0,"102":0},"f":{"0":4,"1":0,"2":0,"3":0,"4":0,"5":3,"6":0,"7":0,"8":3,"9":3,"10":0,"11":0,"12":0,"13":0,"14":0,"15":0,"16":0,"17":0,"18":0,"19":0,"20":0,"21":1,"22":0,"23":0},"b":{"0":[0,0],"1":[3,1],"2":[3,0],"3":[0,0],"4":[0,0],"5":[4,0],"6":[0,0],"7":[4,0],"8":[0,0],"9":[0,0]},"_coverageSchema":"1a1c01bbd47fc00a2c39e90264f33305004495a9","hash":"9978b6a4d5cebdc4667d5cb4b5a7e8cb4e94e418"}
,"/home/xs522-vannar/Project/Frontend/app/src/Pages/Homepage.jsx": {"path":"/home/xs522-vannar/Project/Frontend/app/src/Pages/Homepage.jsx","statementMap":{"0":{"start":{"line":4,"column":4},"end":{"line":31,"column":6}}},"fnMap":{"0":{"name":"HomePage","decl":{"start":{"line":3,"column":9},"end":{"line":3,"column":17}},"loc":{"start":{"line":3,"column":20},"end":{"line":32,"column":1}},"line":3}},"branchMap":{},"s":{"0":1},"f":{"0":1},"b":{},"_coverageSchema":"1a1c01bbd47fc00a2c39e90264f33305004495a9","hash":"9b8961a8374a2a93dffaf8e9524abbe77da98ce5"}
,"/home/xs522-vannar/Project/Frontend/app/src/Pages/LoginPage.jsx": {"path":"/home/xs522-vannar/Project/Frontend/app/src/Pages/LoginPage.jsx","statementMap":{"0":{"start":{"line":7,"column":14},"end":{"line":115,"column":1}},"1":{"start":{"line":8,"column":21},"end":{"line":8,"column":34}},"2":{"start":{"line":9,"column":30},"end":{"line":9,"column":42}},"3":{"start":{"line":10,"column":38},"end":{"line":10,"column":53}},"4":{"start":{"line":11,"column":30},"end":{"line":11,"column":42}},"5":{"start":{"line":14,"column":4},"end":{"line":20,"column":11}},"6":{"start":{"line":15,"column":22},"end":{"line":15,"column":51}},"7":{"start":{"line":16,"column":8},"end":{"line":19,"column":9}},"8":{"start":{"line":17,"column":25},"end":{"line":17,"column":53}},"9":{"start":{"line":18,"column":12},"end":{"line":18,"column":38}},"10":{"start":{"line":22,"column":32},"end":{"line":33,"column":5}},"11":{"start":{"line":23,"column":8},"end":{"line":32,"column":9}},"12":{"start":{"line":25,"column":16},"end":{"line":25,"column":45}},"13":{"start":{"line":26,"column":16},"end":{"line":26,"column":22}},"14":{"start":{"line":28,"column":16},"end":{"line":28,"column":45}},"15":{"start":{"line":29,"column":16},"end":{"line":29,"column":22}},"16":{"start":{"line":31,"column":16},"end":{"line":31,"column":46}},"17":{"start":{"line":35,"column":25},"end":{"line":74,"column":5}},"18":{"start":{"line":36,"column":8},"end":{"line":36,"column":27}},"19":{"start":{"line":37,"column":8},"end":{"line":37,"column":21}},"20":{"start":{"line":38,"column":8},"end":{"line":38,"column":27}},"21":{"start":{"line":40,"column":8},"end":{"line":73,"column":9}},"22":{"start":{"line":41,"column":29},"end":{"line":49,"column":13}},"23":{"start":{"line":52,"column":12},"end":{"line":52,"column":52}},"24":{"start":{"line":55,"column":12},"end":{"line":55,"column":63}},"25":{"start":{"line":56,"column":12},"end":{"line":56,"column":61}},"26":{"start":{"line":59,"column":12},"end":{"line":59,"column":76}},"27":{"start":{"line":59,"column":29},"end":{"line":59,"column":68}},"28":{"start":{"line":64,"column":12},"end":{"line":68,"column":13}},"29":{"start":{"line":65,"column":16},"end":{"line":65,"column":52}},"30":{"start":{"line":67,"column":16},"end":{"line":67,"column":85}},"31":{"start":{"line":70,"column":12},"end":{"line":70,"column":40}},"32":{"start":{"line":72,"column":12},"end":{"line":72,"column":32}},"33":{"start":{"line":76,"column":4},"end":{"line":114,"column":6}},"34":{"start":{"line":90,"column":41},"end":{"line":90,"column":65}}},"fnMap":{"0":{"name":"(anonymous_0)","decl":{"start":{"line":7,"column":14},"end":{"line":7,"column":15}},"loc":{"start":{"line":7,"column":20},"end":{"line":115,"column":1}},"line":7},"1":{"name":"(anonymous_1)","decl":{"start":{"line":14,"column":14},"end":{"line":14,"column":15}},"loc":{"start":{"line":14,"column":20},"end":{"line":20,"column":5}},"line":14},"2":{"name":"(anonymous_2)","decl":{"start":{"line":22,"column":32},"end":{"line":22,"column":33}},"loc":{"start":{"line":22,"column":42},"end":{"line":33,"column":5}},"line":22},"3":{"name":"(anonymous_3)","decl":{"start":{"line":35,"column":25},"end":{"line":35,"column":26}},"loc":{"start":{"line":35,"column":38},"end":{"line":74,"column":5}},"line":35},"4":{"name":"(anonymous_4)","decl":{"start":{"line":59,"column":23},"end":{"line":59,"column":24}},"loc":{"start":{"line":59,"column":29},"end":{"line":59,"column":68}},"line":59},"5":{"name":"(anonymous_5)","decl":{"start":{"line":90,"column":34},"end":{"line":90,"column":35}},"loc":{"start":{"line":90,"column":41},"end":{"line":90,"column":65}},"line":90}},"branchMap":{"0":{"loc":{"start":{"line":16,"column":8},"end":{"line":19,"column":9}},"type":"if","locations":[{"start":{"line":16,"column":8},"end":{"line":19,"column":9}},{"start":{},"end":{}}],"line":16},"1":{"loc":{"start":{"line":23,"column":8},"end":{"line":32,"column":9}},"type":"switch","locations":[{"start":{"line":24,"column":12},"end":{"line":26,"column":22}},{"start":{"line":27,"column":12},"end":{"line":29,"column":22}},{"start":{"line":30,"column":12},"end":{"line":31,"column":46}}],"line":23},"2":{"loc":{"start":{"line":64,"column":12},"end":{"line":68,"column":13}},"type":"if","locations":[{"start":{"line":64,"column":12},"end":{"line":68,"column":13}},{"start":{"line":66,"column":19},"end":{"line":68,"column":13}}],"line":64},"3":{"loc":{"start":{"line":81,"column":17},"end":{"line":81,"column":71}},"type":"binary-expr","locations":[{"start":{"line":81,"column":17},"end":{"line":81,"column":22}},{"start":{"line":81,"column":26},"end":{"line":81,"column":71}}],"line":81},"4":{"loc":{"start":{"line":103,"column":31},"end":{"line":103,"column":57}},"type":"cond-expr","locations":[{"start":{"line":103,"column":43},"end":{"line":103,"column":52}},{"start":{"line":103,"column":55},"end":{"line":103,"column":57}}],"line":103},"5":{"loc":{"start":{"line":105,"column":21},"end":{"line":105,"column":58}},"type":"cond-expr","locations":[{"start":{"line":105,"column":33},"end":{"line":105,"column":48}},{"start":{"line":105,"column":51},"end":{"line":105,"column":58}}],"line":105}},"s":{"0":1,"1":101,"2":101,"3":101,"4":101,"5":101,"6":10,"7":10,"8":9,"9":9,"10":101,"11":9,"12":1,"13":1,"14":1,"15":1,"16":7,"17":101,"18":4,"19":4,"20":4,"21":4,"22":4,"23":2,"24":2,"25":1,"26":1,"27":0,"28":3,"29":1,"30":2,"31":3,"32":4,"33":101,"34":84},"f":{"0":101,"1":10,"2":9,"3":4,"4":0,"5":84},"b":{"0":[9,1],"1":[1,1,7],"2":[1,2],"3":[101,2],"4":[4,97],"5":[4,97]},"_coverageSchema":"1a1c01bbd47fc00a2c39e90264f33305004495a9","hash":"a8ffb0af59123c41a3898ad6c8dff2d29a3a691a"}
,"/home/xs522-vannar/Project/Frontend/app/src/Pages/ReaderDashboard.jsx": {"path":"/home/xs522-vannar/Project/Frontend/app/src/Pages/ReaderDashboard.jsx","statementMap":{"0":{"start":{"line":6,"column":24},"end":{"line":144,"column":1}},"1":{"start":{"line":7,"column":18},"end":{"line":7,"column":47}},"2":{"start":{"line":9,"column":30},"end":{"line":9,"column":42}},"3":{"start":{"line":10,"column":35},"end":{"line":10,"column":47}},"4":{"start":{"line":11,"column":38},"end":{"line":11,"column":50}},"5":{"start":{"line":15,"column":8},"end":{"line":15,"column":30}},"6":{"start":{"line":16,"column":8},"end":{"line":30,"column":9}},"7":{"start":{"line":17,"column":24},"end":{"line":22,"column":14}},"8":{"start":{"line":23,"column":33},"end":{"line":23,"column":84}},"9":{"start":{"line":25,"column":12},"end":{"line":27,"column":15}},"10":{"start":{"line":29,"column":12},"end":{"line":29,"column":30}},"11":{"start":{"line":35,"column":8},"end":{"line":38,"column":9}},"12":{"start":{"line":36,"column":12},"end":{"line":36,"column":25}},"13":{"start":{"line":37,"column":12},"end":{"line":37,"column":19}},"14":{"start":{"line":39,"column":20},"end":{"line":44,"column":10}},"15":{"start":{"line":45,"column":8},"end":{"line":45,"column":35}},"16":{"start":{"line":46,"column":8},"end":{"line":46,"column":32}},"17":{"start":{"line":50,"column":20},"end":{"line":55,"column":10}},"18":{"start":{"line":57,"column":8},"end":{"line":57,"column":54}},"19":{"start":{"line":62,"column":8},"end":{"line":62,"column":31}},"20":{"start":{"line":63,"column":8},"end":{"line":75,"column":9}},"21":{"start":{"line":64,"column":24},"end":{"line":69,"column":14}},"22":{"start":{"line":70,"column":12},"end":{"line":70,"column":33}},"23":{"start":{"line":71,"column":12},"end":{"line":71,"column":52}},"24":{"start":{"line":73,"column":12},"end":{"line":73,"column":52}},"25":{"start":{"line":74,"column":12},"end":{"line":74,"column":52}},"26":{"start":{"line":78,"column":4},"end":{"line":81,"column":10}},"27":{"start":{"line":79,"column":8},"end":{"line":79,"column":21}},"28":{"start":{"line":87,"column":4},"end":{"line":143,"column":5}},"29":{"start":{"line":94,"column":46},"end":{"line":94,"column":74}},"30":{"start":{"line":107,"column":32},"end":{"line":116,"column":37}},"31":{"start":{"line":113,"column":94},"end":{"line":113,"column":116}},"32":{"start":{"line":114,"column":77},"end":{"line":114,"column":98}},"33":{"start":{"line":126,"column":20},"end":{"line":135,"column":25}},"34":{"start":{"line":133,"column":78},"end":{"line":133,"column":100}},"35":{"start":{"line":134,"column":61},"end":{"line":134,"column":82}}},"fnMap":{"0":{"name":"(anonymous_0)","decl":{"start":{"line":6,"column":24},"end":{"line":6,"column":25}},"loc":{"start":{"line":6,"column":30},"end":{"line":144,"column":1}},"line":6},"1":{"name":"getReturnDate","decl":{"start":{"line":14,"column":19},"end":{"line":14,"column":32}},"loc":{"start":{"line":14,"column":42},"end":{"line":31,"column":5}},"line":14},"2":{"name":"handleSearchClick","decl":{"start":{"line":33,"column":19},"end":{"line":33,"column":36}},"loc":{"start":{"line":33,"column":39},"end":{"line":47,"column":5}},"line":33},"3":{"name":"getAllBooks","decl":{"start":{"line":48,"column":19},"end":{"line":48,"column":30}},"loc":{"start":{"line":48,"column":33},"end":{"line":59,"column":5}},"line":48},"4":{"name":"raiseRequest","decl":{"start":{"line":61,"column":19},"end":{"line":61,"column":31}},"loc":{"start":{"line":61,"column":41},"end":{"line":77,"column":5}},"line":61},"5":{"name":"(anonymous_5)","decl":{"start":{"line":78,"column":14},"end":{"line":78,"column":15}},"loc":{"start":{"line":78,"column":20},"end":{"line":81,"column":5}},"line":78},"6":{"name":"(anonymous_6)","decl":{"start":{"line":94,"column":41},"end":{"line":94,"column":42}},"loc":{"start":{"line":94,"column":46},"end":{"line":94,"column":74}},"line":94},"7":{"name":"(anonymous_7)","decl":{"start":{"line":101,"column":39},"end":{"line":101,"column":40}},"loc":{"start":{"line":107,"column":32},"end":{"line":116,"column":37}},"line":107},"8":{"name":"(anonymous_8)","decl":{"start":{"line":113,"column":87},"end":{"line":113,"column":88}},"loc":{"start":{"line":113,"column":94},"end":{"line":113,"column":116}},"line":113},"9":{"name":"(anonymous_9)","decl":{"start":{"line":114,"column":70},"end":{"line":114,"column":71}},"loc":{"start":{"line":114,"column":77},"end":{"line":114,"column":98}},"line":114},"10":{"name":"(anonymous_10)","decl":{"start":{"line":125,"column":29},"end":{"line":125,"column":30}},"loc":{"start":{"line":126,"column":20},"end":{"line":135,"column":25}},"line":126},"11":{"name":"(anonymous_11)","decl":{"start":{"line":133,"column":71},"end":{"line":133,"column":72}},"loc":{"start":{"line":133,"column":78},"end":{"line":133,"column":100}},"line":133},"12":{"name":"(anonymous_12)","decl":{"start":{"line":134,"column":54},"end":{"line":134,"column":55}},"loc":{"start":{"line":134,"column":61},"end":{"line":134,"column":82}},"line":134}},"branchMap":{"0":{"loc":{"start":{"line":35,"column":8},"end":{"line":38,"column":9}},"type":"if","locations":[{"start":{"line":35,"column":8},"end":{"line":38,"column":9}},{"start":{},"end":{}}],"line":35},"1":{"loc":{"start":{"line":57,"column":8},"end":{"line":57,"column":54}},"type":"binary-expr","locations":[{"start":{"line":57,"column":8},"end":{"line":57,"column":23}},{"start":{"line":57,"column":27},"end":{"line":57,"column":54}}],"line":57},"2":{"loc":{"start":{"line":113,"column":41},"end":{"line":113,"column":146}},"type":"cond-expr","locations":[{"start":{"line":113,"column":70},"end":{"line":113,"column":140}},{"start":{"line":113,"column":144},"end":{"line":113,"column":146}}],"line":113},"3":{"loc":{"start":{"line":133,"column":25},"end":{"line":133,"column":130}},"type":"cond-expr","locations":[{"start":{"line":133,"column":54},"end":{"line":133,"column":124}},{"start":{"line":133,"column":128},"end":{"line":133,"column":130}}],"line":133}},"s":{"0":1,"1":18,"2":18,"3":18,"4":18,"5":0,"6":0,"7":0,"8":0,"9":0,"10":0,"11":0,"12":0,"13":0,"14":0,"15":0,"16":0,"17":4,"18":4,"19":0,"20":0,"21":0,"22":0,"23":0,"24":0,"25":0,"26":18,"27":4,"28":18,"29":11,"30":0,"31":0,"32":0,"33":2,"34":0,"35":0},"f":{"0":18,"1":0,"2":0,"3":4,"4":0,"5":4,"6":11,"7":0,"8":0,"9":0,"10":2,"11":0,"12":0},"b":{"0":[0,0],"1":[4,4],"2":[0,0],"3":[0,2]},"_coverageSchema":"1a1c01bbd47fc00a2c39e90264f33305004495a9","hash":"78720487a283201b799e6a49c3987c03bacc804f"}
}
