{"/home/xs522-vannar/Project/Frontend/app/src/Pages/Homepage.jsx": {"path":"/home/xs522-vannar/Project/Frontend/app/src/Pages/Homepage.jsx","statementMap":{"0":{"start":{"line":4,"column":4},"end":{"line":31,"column":6}}},"fnMap":{"0":{"name":"HomePage","decl":{"start":{"line":3,"column":9},"end":{"line":3,"column":17}},"loc":{"start":{"line":3,"column":20},"end":{"line":32,"column":1}},"line":3}},"branchMap":{},"s":{"0":1},"f":{"0":1},"b":{},"_coverageSchema":"1a1c01bbd47fc00a2c39e90264f33305004495a9","hash":"9b8961a8374a2a93dffaf8e9524abbe77da98ce5"}
,"/home/xs522-vannar/Project/Frontend/app/src/Pages/LoginPage.jsx": {"path":"/home/xs522-vannar/Project/Frontend/app/src/Pages/LoginPage.jsx","statementMap":{"0":{"start":{"line":7,"column":14},"end":{"line":115,"column":1}},"1":{"start":{"line":8,"column":21},"end":{"line":8,"column":34}},"2":{"start":{"line":9,"column":30},"end":{"line":9,"column":42}},"3":{"start":{"line":10,"column":38},"end":{"line":10,"column":53}},"4":{"start":{"line":11,"column":30},"end":{"line":11,"column":42}},"5":{"start":{"line":14,"column":4},"end":{"line":20,"column":11}},"6":{"start":{"line":15,"column":22},"end":{"line":15,"column":51}},"7":{"start":{"line":16,"column":8},"end":{"line":19,"column":9}},"8":{"start":{"line":17,"column":25},"end":{"line":17,"column":53}},"9":{"start":{"line":18,"column":12},"end":{"line":18,"column":38}},"10":{"start":{"line":22,"column":32},"end":{"line":33,"column":5}},"11":{"start":{"line":23,"column":8},"end":{"line":32,"column":9}},"12":{"start":{"line":25,"column":16},"end":{"line":25,"column":45}},"13":{"start":{"line":26,"column":16},"end":{"line":26,"column":22}},"14":{"start":{"line":28,"column":16},"end":{"line":28,"column":45}},"15":{"start":{"line":29,"column":16},"end":{"line":29,"column":22}},"16":{"start":{"line":31,"column":16},"end":{"line":31,"column":46}},"17":{"start":{"line":35,"column":25},"end":{"line":74,"column":5}},"18":{"start":{"line":36,"column":8},"end":{"line":36,"column":27}},"19":{"start":{"line":37,"column":8},"end":{"line":37,"column":21}},"20":{"start":{"line":38,"column":8},"end":{"line":38,"column":27}},"21":{"start":{"line":40,"column":8},"end":{"line":73,"column":9}},"22":{"start":{"line":41,"column":29},"end":{"line":49,"column":13}},"23":{"start":{"line":52,"column":12},"end":{"line":52,"column":52}},"24":{"start":{"line":55,"column":12},"end":{"line":55,"column":63}},"25":{"start":{"line":56,"column":12},"end":{"line":56,"column":61}},"26":{"start":{"line":59,"column":12},"end":{"line":59,"column":76}},"27":{"start":{"line":59,"column":29},"end":{"line":59,"column":68}},"28":{"start":{"line":62,"column":12},"end":{"line":62,"column":49}},"29":{"start":{"line":64,"column":12},"end":{"line":68,"column":13}},"30":{"start":{"line":65,"column":16},"end":{"line":65,"column":52}},"31":{"start":{"line":67,"column":16},"end":{"line":67,"column":85}},"32":{"start":{"line":70,"column":12},"end":{"line":70,"column":40}},"33":{"start":{"line":72,"column":12},"end":{"line":72,"column":32}},"34":{"start":{"line":76,"column":4},"end":{"line":114,"column":6}},"35":{"start":{"line":90,"column":41},"end":{"line":90,"column":65}}},"fnMap":{"0":{"name":"(anonymous_0)","decl":{"start":{"line":7,"column":14},"end":{"line":7,"column":15}},"loc":{"start":{"line":7,"column":20},"end":{"line":115,"column":1}},"line":7},"1":{"name":"(anonymous_1)","decl":{"start":{"line":14,"column":14},"end":{"line":14,"column":15}},"loc":{"start":{"line":14,"column":20},"end":{"line":20,"column":5}},"line":14},"2":{"name":"(anonymous_2)","decl":{"start":{"line":22,"column":32},"end":{"line":22,"column":33}},"loc":{"start":{"line":22,"column":42},"end":{"line":33,"column":5}},"line":22},"3":{"name":"(anonymous_3)","decl":{"start":{"line":35,"column":25},"end":{"line":35,"column":26}},"loc":{"start":{"line":35,"column":38},"end":{"line":74,"column":5}},"line":35},"4":{"name":"(anonymous_4)","decl":{"start":{"line":59,"column":23},"end":{"line":59,"column":24}},"loc":{"start":{"line":59,"column":29},"end":{"line":59,"column":68}},"line":59},"5":{"name":"(anonymous_5)","decl":{"start":{"line":90,"column":34},"end":{"line":90,"column":35}},"loc":{"start":{"line":90,"column":41},"end":{"line":90,"column":65}},"line":90}},"branchMap":{"0":{"loc":{"start":{"line":16,"column":8},"end":{"line":19,"column":9}},"type":"if","locations":[{"start":{"line":16,"column":8},"end":{"line":19,"column":9}},{"start":{},"end":{}}],"line":16},"1":{"loc":{"start":{"line":23,"column":8},"end":{"line":32,"column":9}},"type":"switch","locations":[{"start":{"line":24,"column":12},"end":{"line":26,"column":22}},{"start":{"line":27,"column":12},"end":{"line":29,"column":22}},{"start":{"line":30,"column":12},"end":{"line":31,"column":46}}],"line":23},"2":{"loc":{"start":{"line":64,"column":12},"end":{"line":68,"column":13}},"type":"if","locations":[{"start":{"line":64,"column":12},"end":{"line":68,"column":13}},{"start":{"line":66,"column":19},"end":{"line":68,"column":13}}],"line":64},"3":{"loc":{"start":{"line":81,"column":17},"end":{"line":81,"column":71}},"type":"binary-expr","locations":[{"start":{"line":81,"column":17},"end":{"line":81,"column":22}},{"start":{"line":81,"column":26},"end":{"line":81,"column":71}}],"line":81},"4":{"loc":{"start":{"line":103,"column":31},"end":{"line":103,"column":57}},"type":"cond-expr","locations":[{"start":{"line":103,"column":43},"end":{"line":103,"column":52}},{"start":{"line":103,"column":55},"end":{"line":103,"column":57}}],"line":103},"5":{"loc":{"start":{"line":105,"column":21},"end":{"line":105,"column":58}},"type":"cond-expr","locations":[{"start":{"line":105,"column":33},"end":{"line":105,"column":48}},{"start":{"line":105,"column":51},"end":{"line":105,"column":58}}],"line":105}},"s":{"0":1,"1":11,"2":11,"3":10,"4":10,"5":10,"6":2,"7":2,"8":0,"9":0,"10":10,"11":0,"12":0,"13":0,"14":0,"15":0,"16":0,"17":10,"18":1,"19":1,"20":1,"21":1,"22":1,"23":1,"24":1,"25":1,"26":1,"27":0,"28":0,"29":0,"30":0,"31":0,"32":0,"33":1,"34":10,"35":1},"f":{"0":11,"1":2,"2":0,"3":1,"4":0,"5":1},"b":{"0":[0,2],"1":[0,0,0],"2":[0,0],"3":[10,0],"4":[1,9],"5":[1,9]},"_coverageSchema":"1a1c01bbd47fc00a2c39e90264f33305004495a9","hash":"cea00e5a22d648ffc3df2e72a3ebaf48c78b63bc"}
,"/home/xs522-vannar/Project/Frontend/app/src/Pages/OwnerDashboard.jsx": {"path":"/home/xs522-vannar/Project/Frontend/app/src/Pages/OwnerDashboard.jsx","statementMap":{"0":{"start":{"line":15,"column":23},"end":{"line":272,"column":1}},"1":{"start":{"line":17,"column":18},"end":{"line":17,"column":47}},"2":{"start":{"line":21,"column":52},"end":{"line":21,"column":67}},"3":{"start":{"line":22,"column":48},"end":{"line":22,"column":63}},"4":{"start":{"line":23,"column":42},"end":{"line":23,"column":54}},"5":{"start":{"line":24,"column":38},"end":{"line":24,"column":50}},"6":{"start":{"line":25,"column":40},"end":{"line":25,"column":52}},"7":{"start":{"line":26,"column":44},"end":{"line":26,"column":56}},"8":{"start":{"line":27,"column":34},"end":{"line":27,"column":49}},"9":{"start":{"line":28,"column":30},"end":{"line":28,"column":42}},"10":{"start":{"line":29,"column":38},"end":{"line":29,"column":48}},"11":{"start":{"line":30,"column":42},"end":{"line":30,"column":54}},"12":{"start":{"line":31,"column":32},"end":{"line":31,"column":44}},"13":{"start":{"line":33,"column":31},"end":{"line":35,"column":5}},"14":{"start":{"line":34,"column":8},"end":{"line":34,"column":34}},"15":{"start":{"line":37,"column":30},"end":{"line":41,"column":5}},"16":{"start":{"line":38,"column":8},"end":{"line":38,"column":35}},"17":{"start":{"line":39,"column":8},"end":{"line":39,"column":27}},"18":{"start":{"line":40,"column":8},"end":{"line":40,"column":21}},"19":{"start":{"line":43,"column":29},"end":{"line":45,"column":5}},"20":{"start":{"line":44,"column":8},"end":{"line":44,"column":32}},"21":{"start":{"line":47,"column":28},"end":{"line":53,"column":5}},"22":{"start":{"line":48,"column":8},"end":{"line":48,"column":33}},"23":{"start":{"line":49,"column":8},"end":{"line":49,"column":25}},"24":{"start":{"line":50,"column":8},"end":{"line":50,"column":26}},"25":{"start":{"line":51,"column":8},"end":{"line":51,"column":28}},"26":{"start":{"line":52,"column":8},"end":{"line":52,"column":21}},"27":{"start":{"line":55,"column":32},"end":{"line":86,"column":5}},"28":{"start":{"line":56,"column":8},"end":{"line":56,"column":27}},"29":{"start":{"line":57,"column":8},"end":{"line":57,"column":25}},"30":{"start":{"line":58,"column":8},"end":{"line":58,"column":21}},"31":{"start":{"line":60,"column":8},"end":{"line":85,"column":9}},"32":{"start":{"line":61,"column":29},"end":{"line":69,"column":14}},"33":{"start":{"line":71,"column":25},"end":{"line":71,"column":46}},"34":{"start":{"line":72,"column":12},"end":{"line":72,"column":29}},"35":{"start":{"line":73,"column":12},"end":{"line":73,"column":88}},"36":{"start":{"line":73,"column":30},"end":{"line":73,"column":88}},"37":{"start":{"line":76,"column":12},"end":{"line":76,"column":59}},"38":{"start":{"line":77,"column":12},"end":{"line":77,"column":32}},"39":{"start":{"line":79,"column":12},"end":{"line":79,"column":23}},"40":{"start":{"line":81,"column":12},"end":{"line":81,"column":36}},"41":{"start":{"line":82,"column":12},"end":{"line":82,"column":34}},"42":{"start":{"line":84,"column":12},"end":{"line":84,"column":30}},"43":{"start":{"line":87,"column":30},"end":{"line":123,"column":5}},"44":{"start":{"line":88,"column":8},"end":{"line":88,"column":27}},"45":{"start":{"line":89,"column":8},"end":{"line":89,"column":25}},"46":{"start":{"line":90,"column":8},"end":{"line":90,"column":21}},"47":{"start":{"line":92,"column":8},"end":{"line":122,"column":9}},"48":{"start":{"line":93,"column":29},"end":{"line":106,"column":14}},"49":{"start":{"line":108,"column":25},"end":{"line":108,"column":46}},"50":{"start":{"line":109,"column":12},"end":{"line":109,"column":86}},"51":{"start":{"line":109,"column":30},"end":{"line":109,"column":86}},"52":{"start":{"line":111,"column":12},"end":{"line":111,"column":57}},"53":{"start":{"line":113,"column":12},"end":{"line":113,"column":30}},"54":{"start":{"line":116,"column":12},"end":{"line":116,"column":23}},"55":{"start":{"line":118,"column":12},"end":{"line":118,"column":36}},"56":{"start":{"line":119,"column":12},"end":{"line":119,"column":34}},"57":{"start":{"line":121,"column":12},"end":{"line":121,"column":30}},"58":{"start":{"line":126,"column":8},"end":{"line":126,"column":26}},"59":{"start":{"line":127,"column":25},"end":{"line":133,"column":10}},"60":{"start":{"line":137,"column":8},"end":{"line":137,"column":47}},"61":{"start":{"line":138,"column":8},"end":{"line":138,"column":44}},"62":{"start":{"line":139,"column":8},"end":{"line":139,"column":43}},"63":{"start":{"line":164,"column":20},"end":{"line":169,"column":10}},"64":{"start":{"line":170,"column":8},"end":{"line":170,"column":36}},"65":{"start":{"line":171,"column":8},"end":{"line":171,"column":34}},"66":{"start":{"line":173,"column":4},"end":{"line":176,"column":10}},"67":{"start":{"line":174,"column":8},"end":{"line":174,"column":19}},"68":{"start":{"line":175,"column":8},"end":{"line":175,"column":19}},"69":{"start":{"line":178,"column":4},"end":{"line":271,"column":6}},"70":{"start":{"line":200,"column":49},"end":{"line":200,"column":79}},"71":{"start":{"line":221,"column":49},"end":{"line":221,"column":77}},"72":{"start":{"line":229,"column":49},"end":{"line":229,"column":78}},"73":{"start":{"line":237,"column":49},"end":{"line":237,"column":80}},"74":{"start":{"line":248,"column":20},"end":{"line":253,"column":26}},"75":{"start":{"line":259,"column":20},"end":{"line":263,"column":26}}},"fnMap":{"0":{"name":"(anonymous_0)","decl":{"start":{"line":15,"column":23},"end":{"line":15,"column":24}},"loc":{"start":{"line":15,"column":29},"end":{"line":272,"column":1}},"line":15},"1":{"name":"(anonymous_1)","decl":{"start":{"line":33,"column":31},"end":{"line":33,"column":32}},"loc":{"start":{"line":33,"column":37},"end":{"line":35,"column":5}},"line":33},"2":{"name":"(anonymous_2)","decl":{"start":{"line":37,"column":30},"end":{"line":37,"column":31}},"loc":{"start":{"line":37,"column":36},"end":{"line":41,"column":5}},"line":37},"3":{"name":"(anonymous_3)","decl":{"start":{"line":43,"column":29},"end":{"line":43,"column":30}},"loc":{"start":{"line":43,"column":35},"end":{"line":45,"column":5}},"line":43},"4":{"name":"(anonymous_4)","decl":{"start":{"line":47,"column":28},"end":{"line":47,"column":29}},"loc":{"start":{"line":47,"column":34},"end":{"line":53,"column":5}},"line":47},"5":{"name":"(anonymous_5)","decl":{"start":{"line":55,"column":32},"end":{"line":55,"column":33}},"loc":{"start":{"line":55,"column":45},"end":{"line":86,"column":5}},"line":55},"6":{"name":"(anonymous_6)","decl":{"start":{"line":87,"column":30},"end":{"line":87,"column":31}},"loc":{"start":{"line":87,"column":43},"end":{"line":123,"column":5}},"line":87},"7":{"name":"fetchLibs","decl":{"start":{"line":125,"column":19},"end":{"line":125,"column":28}},"loc":{"start":{"line":125,"column":31},"end":{"line":160,"column":5}},"line":125},"8":{"name":"getAdmins","decl":{"start":{"line":162,"column":19},"end":{"line":162,"column":28}},"loc":{"start":{"line":162,"column":31},"end":{"line":172,"column":5}},"line":162},"9":{"name":"(anonymous_9)","decl":{"start":{"line":173,"column":14},"end":{"line":173,"column":15}},"loc":{"start":{"line":173,"column":20},"end":{"line":176,"column":5}},"line":173},"10":{"name":"(anonymous_10)","decl":{"start":{"line":200,"column":42},"end":{"line":200,"column":43}},"loc":{"start":{"line":200,"column":49},"end":{"line":200,"column":79}},"line":200},"11":{"name":"(anonymous_11)","decl":{"start":{"line":221,"column":42},"end":{"line":221,"column":43}},"loc":{"start":{"line":221,"column":49},"end":{"line":221,"column":77}},"line":221},"12":{"name":"(anonymous_12)","decl":{"start":{"line":229,"column":42},"end":{"line":229,"column":43}},"loc":{"start":{"line":229,"column":49},"end":{"line":229,"column":78}},"line":229},"13":{"name":"(anonymous_13)","decl":{"start":{"line":237,"column":42},"end":{"line":237,"column":43}},"loc":{"start":{"line":237,"column":49},"end":{"line":237,"column":80}},"line":237},"14":{"name":"(anonymous_14)","decl":{"start":{"line":247,"column":33},"end":{"line":247,"column":34}},"loc":{"start":{"line":248,"column":20},"end":{"line":253,"column":26}},"line":248},"15":{"name":"(anonymous_15)","decl":{"start":{"line":258,"column":28},"end":{"line":258,"column":29}},"loc":{"start":{"line":259,"column":20},"end":{"line":263,"column":26}},"line":259}},"branchMap":{"0":{"loc":{"start":{"line":73,"column":12},"end":{"line":73,"column":88}},"type":"if","locations":[{"start":{"line":73,"column":12},"end":{"line":73,"column":88}},{"start":{},"end":{}}],"line":73},"1":{"loc":{"start":{"line":73,"column":46},"end":{"line":73,"column":86}},"type":"binary-expr","locations":[{"start":{"line":73,"column":46},"end":{"line":73,"column":56}},{"start":{"line":73,"column":60},"end":{"line":73,"column":86}}],"line":73},"2":{"loc":{"start":{"line":109,"column":12},"end":{"line":109,"column":86}},"type":"if","locations":[{"start":{"line":109,"column":12},"end":{"line":109,"column":86}},{"start":{},"end":{}}],"line":109},"3":{"loc":{"start":{"line":109,"column":46},"end":{"line":109,"column":84}},"type":"binary-expr","locations":[{"start":{"line":109,"column":46},"end":{"line":109,"column":56}},{"start":{"line":109,"column":60},"end":{"line":109,"column":84}}],"line":109},"4":{"loc":{"start":{"line":184,"column":17},"end":{"line":184,"column":120}},"type":"binary-expr","locations":[{"start":{"line":184,"column":17},"end":{"line":184,"column":27}},{"start":{"line":184,"column":32},"end":{"line":184,"column":119}}],"line":184},"5":{"loc":{"start":{"line":189,"column":13},"end":{"line":208,"column":13}},"type":"binary-expr","locations":[{"start":{"line":189,"column":13},"end":{"line":189,"column":29}},{"start":{"line":190,"column":16},"end":{"line":207,"column":22}}],"line":189},"6":{"loc":{"start":{"line":193,"column":25},"end":{"line":193,"column":66}},"type":"binary-expr","locations":[{"start":{"line":193,"column":25},"end":{"line":193,"column":30}},{"start":{"line":193,"column":34},"end":{"line":193,"column":66}}],"line":193},"7":{"loc":{"start":{"line":203,"column":70},"end":{"line":203,"column":104}},"type":"cond-expr","locations":[{"start":{"line":203,"column":80},"end":{"line":203,"column":93}},{"start":{"line":203,"column":96},"end":{"line":203,"column":104}}],"line":203},"8":{"loc":{"start":{"line":210,"column":13},"end":{"line":245,"column":13}},"type":"binary-expr","locations":[{"start":{"line":210,"column":13},"end":{"line":210,"column":27}},{"start":{"line":211,"column":16},"end":{"line":244,"column":22}}],"line":210},"9":{"loc":{"start":{"line":214,"column":25},"end":{"line":214,"column":66}},"type":"binary-expr","locations":[{"start":{"line":214,"column":25},"end":{"line":214,"column":30}},{"start":{"line":214,"column":34},"end":{"line":214,"column":66}}],"line":214},"10":{"loc":{"start":{"line":240,"column":70},"end":{"line":240,"column":104}},"type":"cond-expr","locations":[{"start":{"line":240,"column":80},"end":{"line":240,"column":93}},{"start":{"line":240,"column":96},"end":{"line":240,"column":104}}],"line":240},"11":{"loc":{"start":{"line":252,"column":25},"end":{"line":252,"column":121}},"type":"binary-expr","locations":[{"start":{"line":252,"column":25},"end":{"line":252,"column":34}},{"start":{"line":252,"column":39},"end":{"line":252,"column":120}}],"line":252}},"s":{"0":1,"1":1,"2":1,"3":1,"4":1,"5":1,"6":1,"7":1,"8":1,"9":1,"10":1,"11":1,"12":1,"13":1,"14":0,"15":1,"16":0,"17":0,"18":0,"19":1,"20":0,"21":1,"22":0,"23":0,"24":0,"25":0,"26":0,"27":1,"28":0,"29":0,"30":0,"31":0,"32":0,"33":0,"34":0,"35":0,"36":0,"37":0,"38":0,"39":0,"40":0,"41":0,"42":0,"43":1,"44":0,"45":0,"46":0,"47":0,"48":0,"49":0,"50":0,"51":0,"52":0,"53":0,"54":0,"55":0,"56":0,"57":0,"58":1,"59":1,"60":0,"61":0,"62":0,"63":1,"64":0,"65":0,"66":1,"67":1,"68":1,"69":1,"70":0,"71":0,"72":0,"73":0,"74":0,"75":0},"f":{"0":1,"1":0,"2":0,"3":0,"4":0,"5":0,"6":0,"7":1,"8":1,"9":1,"10":0,"11":0,"12":0,"13":0,"14":0,"15":0},"b":{"0":[0,0],"1":[0,0],"2":[0,0],"3":[0,0],"4":[1,1],"5":[1,0],"6":[0,0],"7":[0,0],"8":[1,0],"9":[0,0],"10":[0,0],"11":[0,0]},"_coverageSchema":"1a1c01bbd47fc00a2c39e90264f33305004495a9","hash":"785e1b350a5f7a2d4426228852d7dd18c80d04ec"}
,"/home/xs522-vannar/Project/Frontend/app/src/Pages/ReaderDashboard.jsx": {"path":"/home/xs522-vannar/Project/Frontend/app/src/Pages/ReaderDashboard.jsx","statementMap":{"0":{"start":{"line":6,"column":24},"end":{"line":144,"column":1}},"1":{"start":{"line":7,"column":18},"end":{"line":7,"column":47}},"2":{"start":{"line":9,"column":30},"end":{"line":9,"column":42}},"3":{"start":{"line":10,"column":35},"end":{"line":10,"column":47}},"4":{"start":{"line":11,"column":38},"end":{"line":11,"column":50}},"5":{"start":{"line":15,"column":8},"end":{"line":15,"column":30}},"6":{"start":{"line":16,"column":8},"end":{"line":30,"column":9}},"7":{"start":{"line":17,"column":24},"end":{"line":22,"column":14}},"8":{"start":{"line":23,"column":33},"end":{"line":23,"column":84}},"9":{"start":{"line":25,"column":12},"end":{"line":27,"column":15}},"10":{"start":{"line":29,"column":12},"end":{"line":29,"column":30}},"11":{"start":{"line":35,"column":8},"end":{"line":38,"column":9}},"12":{"start":{"line":36,"column":12},"end":{"line":36,"column":25}},"13":{"start":{"line":37,"column":12},"end":{"line":37,"column":19}},"14":{"start":{"line":39,"column":20},"end":{"line":44,"column":10}},"15":{"start":{"line":45,"column":8},"end":{"line":45,"column":35}},"16":{"start":{"line":46,"column":8},"end":{"line":46,"column":32}},"17":{"start":{"line":50,"column":20},"end":{"line":55,"column":10}},"18":{"start":{"line":57,"column":8},"end":{"line":57,"column":35}},"19":{"start":{"line":62,"column":8},"end":{"line":62,"column":31}},"20":{"start":{"line":63,"column":8},"end":{"line":75,"column":9}},"21":{"start":{"line":64,"column":24},"end":{"line":69,"column":14}},"22":{"start":{"line":70,"column":12},"end":{"line":70,"column":33}},"23":{"start":{"line":71,"column":12},"end":{"line":71,"column":52}},"24":{"start":{"line":73,"column":12},"end":{"line":73,"column":52}},"25":{"start":{"line":74,"column":12},"end":{"line":74,"column":52}},"26":{"start":{"line":78,"column":4},"end":{"line":81,"column":10}},"27":{"start":{"line":79,"column":8},"end":{"line":79,"column":21}},"28":{"start":{"line":87,"column":4},"end":{"line":143,"column":5}},"29":{"start":{"line":94,"column":46},"end":{"line":94,"column":74}},"30":{"start":{"line":107,"column":32},"end":{"line":116,"column":37}},"31":{"start":{"line":113,"column":94},"end":{"line":113,"column":116}},"32":{"start":{"line":114,"column":77},"end":{"line":114,"column":98}},"33":{"start":{"line":126,"column":20},"end":{"line":135,"column":25}},"34":{"start":{"line":133,"column":78},"end":{"line":133,"column":100}},"35":{"start":{"line":134,"column":61},"end":{"line":134,"column":82}}},"fnMap":{"0":{"name":"(anonymous_0)","decl":{"start":{"line":6,"column":24},"end":{"line":6,"column":25}},"loc":{"start":{"line":6,"column":30},"end":{"line":144,"column":1}},"line":6},"1":{"name":"getReturnDate","decl":{"start":{"line":14,"column":19},"end":{"line":14,"column":32}},"loc":{"start":{"line":14,"column":42},"end":{"line":31,"column":5}},"line":14},"2":{"name":"handleSearchClick","decl":{"start":{"line":33,"column":19},"end":{"line":33,"column":36}},"loc":{"start":{"line":33,"column":39},"end":{"line":47,"column":5}},"line":33},"3":{"name":"getAllBooks","decl":{"start":{"line":48,"column":19},"end":{"line":48,"column":30}},"loc":{"start":{"line":48,"column":33},"end":{"line":59,"column":5}},"line":48},"4":{"name":"raiseRequest","decl":{"start":{"line":61,"column":19},"end":{"line":61,"column":31}},"loc":{"start":{"line":61,"column":41},"end":{"line":77,"column":5}},"line":61},"5":{"name":"(anonymous_5)","decl":{"start":{"line":78,"column":14},"end":{"line":78,"column":15}},"loc":{"start":{"line":78,"column":20},"end":{"line":81,"column":5}},"line":78},"6":{"name":"(anonymous_6)","decl":{"start":{"line":94,"column":41},"end":{"line":94,"column":42}},"loc":{"start":{"line":94,"column":46},"end":{"line":94,"column":74}},"line":94},"7":{"name":"(anonymous_7)","decl":{"start":{"line":101,"column":39},"end":{"line":101,"column":40}},"loc":{"start":{"line":107,"column":32},"end":{"line":116,"column":37}},"line":107},"8":{"name":"(anonymous_8)","decl":{"start":{"line":113,"column":87},"end":{"line":113,"column":88}},"loc":{"start":{"line":113,"column":94},"end":{"line":113,"column":116}},"line":113},"9":{"name":"(anonymous_9)","decl":{"start":{"line":114,"column":70},"end":{"line":114,"column":71}},"loc":{"start":{"line":114,"column":77},"end":{"line":114,"column":98}},"line":114},"10":{"name":"(anonymous_10)","decl":{"start":{"line":125,"column":29},"end":{"line":125,"column":30}},"loc":{"start":{"line":126,"column":20},"end":{"line":135,"column":25}},"line":126},"11":{"name":"(anonymous_11)","decl":{"start":{"line":133,"column":71},"end":{"line":133,"column":72}},"loc":{"start":{"line":133,"column":78},"end":{"line":133,"column":100}},"line":133},"12":{"name":"(anonymous_12)","decl":{"start":{"line":134,"column":54},"end":{"line":134,"column":55}},"loc":{"start":{"line":134,"column":61},"end":{"line":134,"column":82}},"line":134}},"branchMap":{"0":{"loc":{"start":{"line":35,"column":8},"end":{"line":38,"column":9}},"type":"if","locations":[{"start":{"line":35,"column":8},"end":{"line":38,"column":9}},{"start":{},"end":{}}],"line":35},"1":{"loc":{"start":{"line":113,"column":41},"end":{"line":113,"column":146}},"type":"cond-expr","locations":[{"start":{"line":113,"column":70},"end":{"line":113,"column":140}},{"start":{"line":113,"column":144},"end":{"line":113,"column":146}}],"line":113},"2":{"loc":{"start":{"line":133,"column":25},"end":{"line":133,"column":130}},"type":"cond-expr","locations":[{"start":{"line":133,"column":54},"end":{"line":133,"column":124}},{"start":{"line":133,"column":128},"end":{"line":133,"column":130}}],"line":133}},"s":{"0":1,"1":1,"2":1,"3":1,"4":1,"5":0,"6":0,"7":0,"8":0,"9":0,"10":0,"11":0,"12":0,"13":0,"14":0,"15":0,"16":0,"17":1,"18":0,"19":0,"20":0,"21":0,"22":0,"23":0,"24":0,"25":0,"26":1,"27":1,"28":1,"29":0,"30":0,"31":0,"32":0,"33":0,"34":0,"35":0},"f":{"0":1,"1":0,"2":0,"3":1,"4":0,"5":1,"6":0,"7":0,"8":0,"9":0,"10":0,"11":0,"12":0},"b":{"0":[0,0],"1":[0,0],"2":[0,0]},"_coverageSchema":"1a1c01bbd47fc00a2c39e90264f33305004495a9","hash":"e63e96d8e5202da9470f9456b1b12c57b9e92b42"}
}
