TN:
SF:src/Pages/AdminDashboard.jsx
FN:5,(anonymous_0)
FN:20,(anonymous_1)
FN:24,(anonymous_2)
FN:33,(anonymous_3)
FN:37,(anonymous_4)
FN:46,(anonymous_5)
FN:59,(anonymous_6)
FN:67,(anonymous_7)
FN:103,(anonymous_8)
FN:121,(anonymous_9)
FN:137,(anonymous_10)
FN:153,(anonymous_11)
FN:170,(anonymous_12)
FN:184,(anonymous_13)
FN:247,(anonymous_14)
FN:250,(anonymous_15)
FN:251,(anonymous_16)
FN:269,(anonymous_17)
FN:276,(anonymous_18)
FN:283,(anonymous_19)
FN:290,(anonymous_20)
FN:301,(anonymous_21)
FN:309,(anonymous_22)
FN:310,(anonymous_23)
FNF:24
FNH:5
FNDA:4,(anonymous_0)
FNDA:0,(anonymous_1)
FNDA:0,(anonymous_2)
FNDA:0,(anonymous_3)
FNDA:0,(anonymous_4)
FNDA:3,(anonymous_5)
FNDA:0,(anonymous_6)
FNDA:0,(anonymous_7)
FNDA:3,(anonymous_8)
FNDA:3,(anonymous_9)
FNDA:0,(anonymous_10)
FNDA:0,(anonymous_11)
FNDA:0,(anonymous_12)
FNDA:0,(anonymous_13)
FNDA:0,(anonymous_14)
FNDA:0,(anonymous_15)
FNDA:0,(anonymous_16)
FNDA:0,(anonymous_17)
FNDA:0,(anonymous_18)
FNDA:0,(anonymous_19)
FNDA:0,(anonymous_20)
FNDA:1,(anonymous_21)
FNDA:0,(anonymous_22)
FNDA:0,(anonymous_23)
DA:5,1
DA:6,4
DA:7,4
DA:8,4
DA:9,4
DA:10,4
DA:11,4
DA:12,4
DA:13,4
DA:14,4
DA:15,4
DA:16,4
DA:17,4
DA:20,4
DA:21,0
DA:24,4
DA:25,0
DA:26,0
DA:27,0
DA:28,0
DA:29,0
DA:30,0
DA:33,4
DA:34,0
DA:35,0
DA:37,4
DA:38,0
DA:43,0
DA:46,4
DA:47,3
DA:48,3
DA:51,4
DA:59,4
DA:60,0
DA:61,0
DA:67,4
DA:68,0
DA:69,0
DA:78,0
DA:87,0
DA:92,0
DA:94,0
DA:95,0
DA:96,0
DA:98,0
DA:99,0
DA:103,4
DA:104,3
DA:105,3
DA:113,3
DA:117,0
DA:121,4
DA:122,3
DA:123,3
DA:132,3
DA:134,0
DA:137,4
DA:138,0
DA:139,0
DA:145,0
DA:146,0
DA:148,0
DA:149,0
DA:153,4
DA:154,0
DA:155,0
DA:161,0
DA:162,0
DA:163,0
DA:165,0
DA:166,0
DA:170,4
DA:171,0
DA:172,0
DA:178,0
DA:179,0
DA:181,0
DA:184,4
DA:185,0
DA:186,0
DA:187,0
DA:189,0
DA:190,0
DA:200,0
DA:201,0
DA:204,0
DA:205,0
DA:206,0
DA:208,0
DA:209,0
DA:211,0
DA:215,4
DA:248,0
DA:250,0
DA:251,0
DA:269,0
DA:276,0
DA:283,0
DA:290,0
DA:302,1
DA:309,0
DA:310,0
LF:102
LH:37
BRDA:63,0,0,0
BRDA:63,0,1,0
BRDA:113,1,0,3
BRDA:113,1,1,1
BRDA:132,2,0,3
BRDA:132,2,1,0
BRDA:201,3,0,0
BRDA:201,3,1,0
BRDA:201,4,0,0
BRDA:201,4,1,0
BRDA:218,5,0,4
BRDA:218,5,1,0
BRDA:222,6,0,0
BRDA:222,6,1,0
BRDA:259,7,0,4
BRDA:259,7,1,0
BRDA:263,8,0,0
BRDA:263,8,1,0
BRDA:293,9,0,0
BRDA:293,9,1,0
BRF:20
BRH:5
end_of_record
TN:
SF:src/Pages/Homepage.jsx
FN:3,HomePage
FNF:1
FNH:1
FNDA:1,HomePage
DA:4,1
LF:1
LH:1
BRF:0
BRH:0
end_of_record
TN:
SF:src/Pages/LoginPage.jsx
FN:7,(anonymous_0)
FN:14,(anonymous_1)
FN:22,(anonymous_2)
FN:35,(anonymous_3)
FN:59,(anonymous_4)
FN:90,(anonymous_5)
FNF:6
FNH:5
FNDA:101,(anonymous_0)
FNDA:10,(anonymous_1)
FNDA:9,(anonymous_2)
FNDA:4,(anonymous_3)
FNDA:0,(anonymous_4)
FNDA:84,(anonymous_5)
DA:7,1
DA:8,101
DA:9,101
DA:10,101
DA:11,101
DA:14,101
DA:15,10
DA:16,10
DA:17,9
DA:18,9
DA:22,101
DA:23,9
DA:25,1
DA:26,1
DA:28,1
DA:29,1
DA:31,7
DA:35,101
DA:36,4
DA:37,4
DA:38,4
DA:40,4
DA:41,4
DA:52,2
DA:55,2
DA:56,1
DA:59,1
DA:64,3
DA:65,1
DA:67,2
DA:70,3
DA:72,4
DA:76,101
DA:90,84
LF:34
LH:34
BRDA:16,0,0,9
BRDA:16,0,1,1
BRDA:23,1,0,1
BRDA:23,1,1,1
BRDA:23,1,2,7
BRDA:64,2,0,1
BRDA:64,2,1,2
BRDA:81,3,0,101
BRDA:81,3,1,2
BRDA:103,4,0,4
BRDA:103,4,1,97
BRDA:105,5,0,4
BRDA:105,5,1,97
BRF:13
BRH:13
end_of_record
TN:
SF:src/Pages/ReaderDashboard.jsx
FN:6,(anonymous_0)
FN:14,getReturnDate
FN:33,handleSearchClick
FN:48,getAllBooks
FN:61,raiseRequest
FN:78,(anonymous_5)
FN:94,(anonymous_6)
FN:101,(anonymous_7)
FN:113,(anonymous_8)
FN:114,(anonymous_9)
FN:125,(anonymous_10)
FN:133,(anonymous_11)
FN:134,(anonymous_12)
FNF:13
FNH:4
FNDA:5,(anonymous_0)
FNDA:0,getReturnDate
FNDA:0,handleSearchClick
FNDA:3,getAllBooks
FNDA:0,raiseRequest
FNDA:3,(anonymous_5)
FNDA:0,(anonymous_6)
FNDA:0,(anonymous_7)
FNDA:0,(anonymous_8)
FNDA:0,(anonymous_9)
FNDA:1,(anonymous_10)
FNDA:0,(anonymous_11)
FNDA:0,(anonymous_12)
DA:6,1
DA:7,5
DA:9,5
DA:10,5
DA:11,5
DA:15,0
DA:16,0
DA:17,0
DA:23,0
DA:25,0
DA:29,0
DA:35,0
DA:36,0
DA:37,0
DA:39,0
DA:45,0
DA:46,0
DA:50,3
DA:57,3
DA:62,0
DA:63,0
DA:64,0
DA:70,0
DA:71,0
DA:73,0
DA:74,0
DA:78,5
DA:79,3
DA:87,5
DA:94,0
DA:107,0
DA:113,0
DA:114,0
DA:126,1
DA:133,0
DA:134,0
LF:36
LH:11
BRDA:35,0,0,0
BRDA:35,0,1,0
BRDA:57,1,0,3
BRDA:57,1,1,3
BRDA:113,2,0,0
BRDA:113,2,1,0
BRDA:133,3,0,0
BRDA:133,3,1,1
BRF:8
BRH:3
end_of_record
