TN:
SF:src/Pages/Homepage.jsx
FN:3,HomePage
FNF:1
FNH:1
FNDA:1,HomePage
DA:4,1
LF:1
LH:1
BRF:0
BRH:0
end_of_record
TN:
SF:src/Pages/LoginPage.jsx
FN:7,(anonymous_0)
FN:14,(anonymous_1)
FN:22,(anonymous_2)
FN:35,(anonymous_3)
FN:59,(anonymous_4)
FN:90,(anonymous_5)
FNF:6
FNH:4
FNDA:11,(anonymous_0)
FNDA:2,(anonymous_1)
FNDA:0,(anonymous_2)
FNDA:1,(anonymous_3)
FNDA:0,(anonymous_4)
FNDA:1,(anonymous_5)
DA:7,1
DA:8,11
DA:9,11
DA:10,10
DA:11,10
DA:14,10
DA:15,2
DA:16,2
DA:17,0
DA:18,0
DA:22,10
DA:23,0
DA:25,0
DA:26,0
DA:28,0
DA:29,0
DA:31,0
DA:35,10
DA:36,1
DA:37,1
DA:38,1
DA:40,1
DA:41,1
DA:52,1
DA:55,1
DA:56,1
DA:59,1
DA:62,0
DA:64,0
DA:65,0
DA:67,0
DA:70,0
DA:72,1
DA:76,10
DA:90,1
LF:35
LH:22
BRDA:16,0,0,0
BRDA:16,0,1,2
BRDA:23,1,0,0
BRDA:23,1,1,0
BRDA:23,1,2,0
BRDA:64,2,0,0
BRDA:64,2,1,0
BRDA:81,3,0,10
BRDA:81,3,1,0
BRDA:103,4,0,1
BRDA:103,4,1,9
BRDA:105,5,0,1
BRDA:105,5,1,9
BRF:13
BRH:6
end_of_record
TN:
SF:src/Pages/OwnerDashboard.jsx
FN:15,(anonymous_0)
FN:33,(anonymous_1)
FN:37,(anonymous_2)
FN:43,(anonymous_3)
FN:47,(anonymous_4)
FN:55,(anonymous_5)
FN:87,(anonymous_6)
FN:125,fetchLibs
FN:162,getAdmins
FN:173,(anonymous_9)
FN:200,(anonymous_10)
FN:221,(anonymous_11)
FN:229,(anonymous_12)
FN:237,(anonymous_13)
FN:247,(anonymous_14)
FN:258,(anonymous_15)
FNF:16
FNH:4
FNDA:1,(anonymous_0)
FNDA:0,(anonymous_1)
FNDA:0,(anonymous_2)
FNDA:0,(anonymous_3)
FNDA:0,(anonymous_4)
FNDA:0,(anonymous_5)
FNDA:0,(anonymous_6)
FNDA:1,fetchLibs
FNDA:1,getAdmins
FNDA:1,(anonymous_9)
FNDA:0,(anonymous_10)
FNDA:0,(anonymous_11)
FNDA:0,(anonymous_12)
FNDA:0,(anonymous_13)
FNDA:0,(anonymous_14)
FNDA:0,(anonymous_15)
DA:15,1
DA:17,1
DA:21,1
DA:22,1
DA:23,1
DA:24,1
DA:25,1
DA:26,1
DA:27,1
DA:28,1
DA:29,1
DA:30,1
DA:31,1
DA:33,1
DA:34,0
DA:37,1
DA:38,0
DA:39,0
DA:40,0
DA:43,1
DA:44,0
DA:47,1
DA:48,0
DA:49,0
DA:50,0
DA:51,0
DA:52,0
DA:55,1
DA:56,0
DA:57,0
DA:58,0
DA:60,0
DA:61,0
DA:71,0
DA:72,0
DA:73,0
DA:76,0
DA:77,0
DA:79,0
DA:81,0
DA:82,0
DA:84,0
DA:87,1
DA:88,0
DA:89,0
DA:90,0
DA:92,0
DA:93,0
DA:108,0
DA:109,0
DA:111,0
DA:113,0
DA:116,0
DA:118,0
DA:119,0
DA:121,0
DA:126,1
DA:127,1
DA:137,0
DA:138,0
DA:139,0
DA:164,1
DA:170,0
DA:171,0
DA:173,1
DA:174,1
DA:175,1
DA:178,1
DA:200,0
DA:221,0
DA:229,0
DA:237,0
DA:248,0
DA:259,0
LF:74
LH:26
BRDA:73,0,0,0
BRDA:73,0,1,0
BRDA:73,1,0,0
BRDA:73,1,1,0
BRDA:109,2,0,0
BRDA:109,2,1,0
BRDA:109,3,0,0
BRDA:109,3,1,0
BRDA:184,4,0,1
BRDA:184,4,1,1
BRDA:189,5,0,1
BRDA:189,5,1,0
BRDA:193,6,0,0
BRDA:193,6,1,0
BRDA:203,7,0,0
BRDA:203,7,1,0
BRDA:210,8,0,1
BRDA:210,8,1,0
BRDA:214,9,0,0
BRDA:214,9,1,0
BRDA:240,10,0,0
BRDA:240,10,1,0
BRDA:252,11,0,0
BRDA:252,11,1,0
BRF:24
BRH:4
end_of_record
TN:
SF:src/Pages/ReaderDashboard.jsx
FN:6,(anonymous_0)
FN:14,getReturnDate
FN:33,handleSearchClick
FN:48,getAllBooks
FN:61,raiseRequest
FN:78,(anonymous_5)
FN:94,(anonymous_6)
FN:101,(anonymous_7)
FN:113,(anonymous_8)
FN:114,(anonymous_9)
FN:125,(anonymous_10)
FN:133,(anonymous_11)
FN:134,(anonymous_12)
FNF:13
FNH:3
FNDA:1,(anonymous_0)
FNDA:0,getReturnDate
FNDA:0,handleSearchClick
FNDA:1,getAllBooks
FNDA:0,raiseRequest
FNDA:1,(anonymous_5)
FNDA:0,(anonymous_6)
FNDA:0,(anonymous_7)
FNDA:0,(anonymous_8)
FNDA:0,(anonymous_9)
FNDA:0,(anonymous_10)
FNDA:0,(anonymous_11)
FNDA:0,(anonymous_12)
DA:6,1
DA:7,1
DA:9,1
DA:10,1
DA:11,1
DA:15,0
DA:16,0
DA:17,0
DA:23,0
DA:25,0
DA:29,0
DA:35,0
DA:36,0
DA:37,0
DA:39,0
DA:45,0
DA:46,0
DA:50,1
DA:57,0
DA:62,0
DA:63,0
DA:64,0
DA:70,0
DA:71,0
DA:73,0
DA:74,0
DA:78,1
DA:79,1
DA:87,1
DA:94,0
DA:107,0
DA:113,0
DA:114,0
DA:126,0
DA:133,0
DA:134,0
LF:36
LH:9
BRDA:35,0,0,0
BRDA:35,0,1,0
BRDA:113,1,0,0
BRDA:113,1,1,0
BRDA:133,2,0,0
BRDA:133,2,1,0
BRF:6
BRH:0
end_of_record
